Using pre-set license
Built from '2021.3/evg/staging/82bb020e-b03b1330/draft-0' branch; Version is '2021.3.16f1 (4016570cf34f) revision 4200023'; Using compiler version '192829333'; Build Type 'Release'
OS: 'Windows 11  (10.0.22635) 64bit Professional' Language: 'ru' Physical Memory: 15741 MB
BatchMode: 1, IsHumanControllingUs: 0, StartBugReporterOnCrash: 0, Is64bit: 1, IsPro: 1

COMMAND LINE ARGUMENTS:
B:\Univ\Unity\2021.3.16f1\Editor\Unity.exe
-adb2
-batchMode
-noUpm
-name
AssetImportWorker0
-projectPath
B:/Univ/Unity/VFX Tutorial
-logFile
Logs/AssetImportWorker0.log
-srvPort
60538
Successfully changed project path to: B:/Univ/Unity/VFX Tutorial
B:/Univ/Unity/VFX Tutorial
[UnityMemory] Configuration Parameters - Can be set up in boot.config
    "memorysetup-bucket-allocator-granularity=16"
    "memorysetup-bucket-allocator-bucket-count=8"
    "memorysetup-bucket-allocator-block-size=33554432"
    "memorysetup-bucket-allocator-block-count=8"
    "memorysetup-main-allocator-block-size=16777216"
    "memorysetup-thread-allocator-block-size=16777216"
    "memorysetup-gfx-main-allocator-block-size=16777216"
    "memorysetup-gfx-thread-allocator-block-size=16777216"
    "memorysetup-cache-allocator-block-size=4194304"
    "memorysetup-typetree-allocator-block-size=2097152"
    "memorysetup-profiler-bucket-allocator-granularity=16"
    "memorysetup-profiler-bucket-allocator-bucket-count=8"
    "memorysetup-profiler-bucket-allocator-block-size=33554432"
    "memorysetup-profiler-bucket-allocator-block-count=8"
    "memorysetup-profiler-allocator-block-size=16777216"
    "memorysetup-profiler-editor-allocator-block-size=1048576"
    "memorysetup-temp-allocator-size-main=16777216"
    "memorysetup-job-temp-allocator-block-size=2097152"
    "memorysetup-job-temp-allocator-block-size-background=1048576"
    "memorysetup-job-temp-allocator-reduction-small-platforms=262144"
    "memorysetup-temp-allocator-size-background-worker=32768"
    "memorysetup-temp-allocator-size-job-worker=262144"
    "memorysetup-temp-allocator-size-preload-manager=33554432"
    "memorysetup-temp-allocator-size-nav-mesh-worker=65536"
    "memorysetup-temp-allocator-size-audio-worker=65536"
    "memorysetup-temp-allocator-size-cloud-worker=32768"
    "memorysetup-temp-allocator-size-gi-baking-worker=262144"
    "memorysetup-temp-allocator-size-gfx=262144"
Player connection [11968] Host "[IP] 192.168.1.103 [Port] 0 [Flags] 2 [Guid] 1519128455 [EditorId] 1519128455 [Version] 1048832 [Id] WindowsEditor(7,DESKTOP-AKSPD3P) [Debug] 1 [PackageName] WindowsEditor [ProjectName] Editor" joined multi-casting on [225.0.0.222:54997]...

Player connection [11968] Host "[IP] 192.168.1.103 [Port] 0 [Flags] 2 [Guid] 1519128455 [EditorId] 1519128455 [Version] 1048832 [Id] WindowsEditor(7,DESKTOP-AKSPD3P) [Debug] 1 [PackageName] WindowsEditor [ProjectName] Editor" joined alternative multi-casting on [225.0.0.222:34997]...

Refreshing native plugins compatible for Editor in 65.81 ms, found 2 plugins.
Preloading 0 native plugins for Editor in 0.00 ms.
Initialize engine version: 2021.3.16f1 (4016570cf34f)
[Subsystems] Discovering subsystems at path B:/Univ/Unity/2021.3.16f1/Editor/Data/Resources/UnitySubsystems
[Subsystems] Discovering subsystems at path B:/Univ/Unity/VFX Tutorial/Assets
GfxDevice: creating device client; threaded=0; jobified=0
Direct3D:
    Version:  Direct3D 11.0 [level 11.1]
    Renderer: NVIDIA GeForce GTX 1650 (ID=0x1f99)
    Vendor:   NVIDIA
    VRAM:     3949 MB
    Driver:   31.0.15.3734
Initialize mono
Mono path[0] = 'B:/Univ/Unity/2021.3.16f1/Editor/Data/Managed'
Mono path[1] = 'B:/Univ/Unity/2021.3.16f1/Editor/Data/MonoBleedingEdge/lib/mono/unityjit-win32'
Mono config path = 'B:/Univ/Unity/2021.3.16f1/Editor/Data/MonoBleedingEdge/etc'
Using monoOptions --debugger-agent=transport=dt_socket,embedding=1,server=y,suspend=n,address=127.0.0.1:56356
Begin MonoManager ReloadAssembly
Registering precompiled unity dll's ...
Register platform support module: B:/Univ/Unity/2021.3.16f1/Editor/Data/PlaybackEngines/WindowsStandaloneSupport/UnityEditor.WindowsStandalone.Extensions.dll
Registered in 0.002287 seconds.
Native extension for WindowsStandalone target not found
Refreshing native plugins compatible for Editor in 63.56 ms, found 2 plugins.
Preloading 0 native plugins for Editor in 0.00 ms.
Mono: successfully reloaded assembly
- Completed reload, in  0.868 seconds
Domain Reload Profiling:
	ReloadAssembly (869ms)
		BeginReloadAssembly (162ms)
			ExecutionOrderSort (0ms)
			DisableScriptedObjects (0ms)
			BackupInstance (0ms)
			ReleaseScriptingObjects (0ms)
			CreateAndSetChildDomain (2ms)
		EndReloadAssembly (563ms)
			LoadAssemblies (160ms)
			RebuildTransferFunctionScriptingTraits (0ms)
			SetupTypeCache (185ms)
			ReleaseScriptCaches (0ms)
			RebuildScriptCaches (38ms)
			SetupLoadedEditorAssemblies (271ms)
				LogAssemblyErrors (0ms)
				InitializePlatformSupportModulesInManaged (8ms)
				SetLoadedEditorAssemblies (0ms)
				RefreshPlugins (64ms)
				BeforeProcessingInitializeOnLoad (1ms)
				ProcessInitializeOnLoadAttributes (154ms)
				ProcessInitializeOnLoadMethodAttributes (43ms)
				AfterProcessingInitializeOnLoad (0ms)
				EditorAssembliesLoaded (0ms)
			ExecutionOrderSort2 (0ms)
			AwakeInstancesAfterBackupRestoration (0ms)
Platform modules already initialized, skipping
Registering precompiled user dll's ...
Registered in 0.002648 seconds.
Begin MonoManager ReloadAssembly
Native extension for WindowsStandalone target not found
Refreshing native plugins compatible for Editor in 61.96 ms, found 2 plugins.
Preloading 0 native plugins for Editor in 0.00 ms.
Mono: successfully reloaded assembly
- Completed reload, in  1.133 seconds
Domain Reload Profiling:
	ReloadAssembly (1134ms)
		BeginReloadAssembly (111ms)
			ExecutionOrderSort (0ms)
			DisableScriptedObjects (6ms)
			BackupInstance (0ms)
			ReleaseScriptingObjects (0ms)
			CreateAndSetChildDomain (25ms)
		EndReloadAssembly (934ms)
			LoadAssemblies (74ms)
			RebuildTransferFunctionScriptingTraits (0ms)
			SetupTypeCache (236ms)
			ReleaseScriptCaches (1ms)
			RebuildScriptCaches (88ms)
			SetupLoadedEditorAssemblies (489ms)
				LogAssemblyErrors (0ms)
				InitializePlatformSupportModulesInManaged (13ms)
				SetLoadedEditorAssemblies (0ms)
				RefreshPlugins (62ms)
				BeforeProcessingInitializeOnLoad (79ms)
				ProcessInitializeOnLoadAttributes (241ms)
				ProcessInitializeOnLoadMethodAttributes (89ms)
				AfterProcessingInitializeOnLoad (4ms)
				EditorAssembliesLoaded (0ms)
			ExecutionOrderSort2 (0ms)
			AwakeInstancesAfterBackupRestoration (7ms)
Platform modules already initialized, skipping
========================================================================
Worker process is ready to serve import requests
Launched and connected shader compiler UnityShaderCompiler.exe after 0.05 seconds
Refreshing native plugins compatible for Editor in 0.80 ms, found 2 plugins.
Preloading 0 native plugins for Editor in 0.00 ms.
Unloading 4015 Unused Serialized files (Serialized files now loaded: 0)
Unloading 30 unused Assets / (1.5 MB). Loaded Objects now: 4470.
Memory consumption went from 177.7 MB to 176.2 MB.
Total: 4.311700 ms (FindLiveObjects: 0.394100 ms CreateObjectMapping: 0.204200 ms MarkObjects: 3.186700 ms  DeleteObjects: 0.525200 ms)

AssetImportParameters requested are different than current active one (requested -> active):
  custom:video-decoder-ogg-theora: a1e56fd34408186e4bbccfd4996cb3dc -> 
  custom:container-muxer-webm: aa71ff27fc2769a1b78a27578f13a17b -> 
  custom:container-demuxer-webm: 4f35f7cbe854078d1ac9338744f61a02 -> 
  custom:video-encoder-webm-vp8: eb34c28f22e8b96e1ab97ce403110664 -> 
  custom:audio-encoder-webm-vorbis: bf7c407c2cedff20999df2af8eb42d56 -> 
  custom:framework-win-MediaFoundation: 216162199b28c13a410421893ffa2e32 -> 
  custom:container-demuxer-ogg: 62fdf1f143b41e24485cea50d1cbac27 -> 
  custom:video-decoder-webm-vp8: 9c59270c3fd7afecdb556c50c9e8de78 -> 
  custom:audio-decoder-ogg-vorbis: bf7c407c2cedff20999df2af8eb42d56 -> 
========================================================================
Received Import Request.
  Time since last request: 204146.740124 seconds.
  path: Packages/com.unity.visualeffectgraph/Editor/Templates/SimpleSwarmParticleSystem.vfx
  artifactKey: Guid(b84f73c7c4a6c6443a3bfbb2f7a504f9) Importer(815301076,1909f56bfc062723c751e8b465ee728b)
Start importing Packages/com.unity.visualeffectgraph/Editor/Templates/SimpleSwarmParticleSystem.vfx using Guid(b84f73c7c4a6c6443a3bfbb2f7a504f9) Importer(815301076,1909f56bfc062723c751e8b465ee728b)  -> (artifact id: 'beb5f70b745555d2431db18235269b22') in 0.686472 seconds 
========================================================================
Received Import Request.
  Time since last request: 0.000046 seconds.
  path: Packages/com.unity.render-pipelines.universal/Runtime/Materials/Lit.mat
  artifactKey: Guid(31321ba15b8f8eb4c954353edc038b1d) Importer(815301076,1909f56bfc062723c751e8b465ee728b)
Start importing Packages/com.unity.render-pipelines.universal/Runtime/Materials/Lit.mat using Guid(31321ba15b8f8eb4c954353edc038b1d) Importer(815301076,1909f56bfc062723c751e8b465ee728b)  -> (artifact id: 'edc637ac5202eb0a4a71e563a2881f4f') in 0.062532 seconds 
========================================================================
Received Import Request.
  Time since last request: 0.000057 seconds.
  path: Assets/CreativeCore_VFX/Materials/Red.mat
  artifactKey: Guid(8a33237ef07ea744e8b9d82aec2c52b6) Importer(815301076,1909f56bfc062723c751e8b465ee728b)
Start importing Assets/CreativeCore_VFX/Materials/Red.mat using Guid(8a33237ef07ea744e8b9d82aec2c52b6) Importer(815301076,1909f56bfc062723c751e8b465ee728b)  -> (artifact id: 'f4e80fc451ff1a6ad95ac7e89d78de3c') in 0.027448 seconds 
========================================================================
Received Import Request.
  Time since last request: 1.061842 seconds.
  path: Packages/com.unity.render-pipelines.universal/Runtime/Materials/SpatialMappingWireframe.mat
  artifactKey: Guid(9875a245ac49007498213638a307faa1) Importer(815301076,1909f56bfc062723c751e8b465ee728b)
Start importing Packages/com.unity.render-pipelines.universal/Runtime/Materials/SpatialMappingWireframe.mat using Guid(9875a245ac49007498213638a307faa1) Importer(815301076,1909f56bfc062723c751e8b465ee728b)  -> (artifact id: 'f5d95fe728f5f179a3d82fbb16c353e5') in 0.021089 seconds 
========================================================================
Received Import Request.
  Time since last request: 1.428678 seconds.
  path: Packages/com.unity.visualeffectgraph/Editor/Templates/SimpleRibbon.vfx
  artifactKey: Guid(c071abb088c76054bb603238f21bce1c) Importer(815301076,1909f56bfc062723c751e8b465ee728b)
Start importing Packages/com.unity.visualeffectgraph/Editor/Templates/SimpleRibbon.vfx using Guid(c071abb088c76054bb603238f21bce1c) Importer(815301076,1909f56bfc062723c751e8b465ee728b)  -> (artifact id: '0ed04bcc56cc209ad082c60dff8437f3') in 0.156898 seconds 
========================================================================
Received Import Request.
  Time since last request: 26.232952 seconds.
  path: Assets/CreativeCore_VFX/VFX/Samples/Snow/Snow_VFXGraph_Prefab.prefab
  artifactKey: Guid(8f82e382d4248324896d50959f01c98e) Importer(815301076,1909f56bfc062723c751e8b465ee728b)
Start importing Assets/CreativeCore_VFX/VFX/Samples/Snow/Snow_VFXGraph_Prefab.prefab using Guid(8f82e382d4248324896d50959f01c98e) Importer(815301076,1909f56bfc062723c751e8b465ee728b)  -> (artifact id: 'd762ff2c71b83fd88933c3360e37d258') in 0.088151 seconds 
========================================================================
Received Import Request.
  Time since last request: 77.426680 seconds.
  path: Assets/CreativeCore_VFX/Prefabs/Apple.prefab
  artifactKey: Guid(0bcf544bb242b204bbb59fca4aab702f) Importer(815301076,1909f56bfc062723c751e8b465ee728b)
Start importing Assets/CreativeCore_VFX/Prefabs/Apple.prefab using Guid(0bcf544bb242b204bbb59fca4aab702f) Importer(815301076,1909f56bfc062723c751e8b465ee728b)  -> (artifact id: '0454b2ca8f3592716a3719e002cb633c') in 0.045353 seconds 
========================================================================
Received Import Request.
  Time since last request: 0.000035 seconds.
  path: Assets/CreativeCore_VFX/Prefabs/GalleryInterior.prefab
  artifactKey: Guid(07e0fcc4e15d6db478bd9fda02913ca0) Importer(815301076,1909f56bfc062723c751e8b465ee728b)
Start importing Assets/CreativeCore_VFX/Prefabs/GalleryInterior.prefab using Guid(07e0fcc4e15d6db478bd9fda02913ca0) Importer(815301076,1909f56bfc062723c751e8b465ee728b)  -> (artifact id: '42f0c6bd8d2f5d7dd84484272e134d7b') in 0.046152 seconds 
========================================================================
Received Import Request.
  Time since last request: 0.000056 seconds.
  path: Assets/CreativeCore_VFX/Prefabs/LongLight.prefab
  artifactKey: Guid(cd7786b2ff55c5d48906f40024bc1558) Importer(815301076,1909f56bfc062723c751e8b465ee728b)
Start importing Assets/CreativeCore_VFX/Prefabs/LongLight.prefab using Guid(cd7786b2ff55c5d48906f40024bc1558) Importer(815301076,1909f56bfc062723c751e8b465ee728b)  -> (artifact id: 'be8e628988e4b3a48636800153aaf2c3') in 0.789991 seconds 
========================================================================
Received Import Request.
  Time since last request: 1447.120070 seconds.
  path: Assets/CreativeCore_VFX/Materials/Blue.mat
  artifactKey: Guid(7e43b487890baf74796ab34547473a7d) Importer(2089858483,0ecaa5967403d082aa24f35e1b516d23)
Start importing Assets/CreativeCore_VFX/Materials/Blue.mat using Guid(7e43b487890baf74796ab34547473a7d) Importer(2089858483,0ecaa5967403d082aa24f35e1b516d23) Generated GUIDs only implemented for interfaces!
 -> (artifact id: '58ffec82925bb390ca6d540d42ad4f34') in 0.194409 seconds 
========================================================================
Received Import Request.
  Time since last request: 0.000041 seconds.
  path: Assets/CreativeCore_VFX/Models/GalleryInterior.fbx
  artifactKey: Guid(e4384b4442f48e0409fcdc90e24e5f44) Importer(2089858483,0ecaa5967403d082aa24f35e1b516d23)
Start importing Assets/CreativeCore_VFX/Models/GalleryInterior.fbx using Guid(e4384b4442f48e0409fcdc90e24e5f44) Importer(2089858483,0ecaa5967403d082aa24f35e1b516d23) Generated GUIDs only implemented for interfaces!
 -> (artifact id: '005b0b95a2c833b699117ff7f99ee90a') in 0.132744 seconds 
========================================================================
Received Import Request.
  Time since last request: 0.000056 seconds.
  path: Assets/CreativeCore_VFX/Scenes/FinalScene_VFX_Outdoor/Lightmap-2_comp_dir.png
  artifactKey: Guid(630c0bbc7fc64fb41a09e508fcc306c2) Importer(2089858483,0ecaa5967403d082aa24f35e1b516d23)
Start importing Assets/CreativeCore_VFX/Scenes/FinalScene_VFX_Outdoor/Lightmap-2_comp_dir.png using Guid(630c0bbc7fc64fb41a09e508fcc306c2) Importer(2089858483,0ecaa5967403d082aa24f35e1b516d23) Generated GUIDs only implemented for interfaces!
 -> (artifact id: 'e84d0d47dc9e0ea74bfc4219799a8e88') in 0.059339 seconds 
========================================================================
Received Import Request.
  Time since last request: 0.000028 seconds.
  path: Assets/CreativeCore_VFX/Models/Apple.FBX
  artifactKey: Guid(2bec0b11ea55f584fa54d787f5646572) Importer(2089858483,0ecaa5967403d082aa24f35e1b516d23)
Start importing Assets/CreativeCore_VFX/Models/Apple.FBX using Guid(2bec0b11ea55f584fa54d787f5646572) Importer(2089858483,0ecaa5967403d082aa24f35e1b516d23) Generated GUIDs only implemented for interfaces!
 -> (artifact id: '43dfbb24d210b10be9ace75c14ee1928') in 0.028439 seconds 
========================================================================
Received Import Request.
  Time since last request: 0.000040 seconds.
  path: Assets/CreativeCore_VFX/VFX/Samples/_ImportedTextures/Snow/SnowTexture.png
  artifactKey: Guid(a51bb7b0ef6f07b4482ee3bc4cc3fa97) Importer(2089858483,0ecaa5967403d082aa24f35e1b516d23)
Start importing Assets/CreativeCore_VFX/VFX/Samples/_ImportedTextures/Snow/SnowTexture.png using Guid(a51bb7b0ef6f07b4482ee3bc4cc3fa97) Importer(2089858483,0ecaa5967403d082aa24f35e1b516d23) Generated GUIDs only implemented for interfaces!
 -> (artifact id: 'a61570204d4b10eff2c44e0fa45ffef8') in 0.027556 seconds 
========================================================================
Received Import Request.
  Time since last request: 0.000028 seconds.
  path: Assets/CreativeCore_VFX/Scenes/TutorialScene_VFX_Outdoor.unity
  artifactKey: Guid(f14b808f8c697d847aed3ab027b8d950) Importer(2089858483,0ecaa5967403d082aa24f35e1b516d23)
Start importing Assets/CreativeCore_VFX/Scenes/TutorialScene_VFX_Outdoor.unity using Guid(f14b808f8c697d847aed3ab027b8d950) Importer(2089858483,0ecaa5967403d082aa24f35e1b516d23) Generated GUIDs only implemented for interfaces!
 -> (artifact id: '71b2dcb7ce0b09a9e61e89f45710ba76') in 0.011181 seconds 
========================================================================
Received Import Request.
  Time since last request: 0.000036 seconds.
  path: Assets/CreativeCore_VFX/VFX/Samples/SmokePuff/SmokePuffMaterial.mat
  artifactKey: Guid(fb5f266d9ffdf9c439f36e406cc5b994) Importer(2089858483,0ecaa5967403d082aa24f35e1b516d23)
Start importing Assets/CreativeCore_VFX/VFX/Samples/SmokePuff/SmokePuffMaterial.mat using Guid(fb5f266d9ffdf9c439f36e406cc5b994) Importer(2089858483,0ecaa5967403d082aa24f35e1b516d23) Generated GUIDs only implemented for interfaces!
 -> (artifact id: '851f26ef66b4557db9e009fa7381c0bc') in 0.016882 seconds 
========================================================================
Received Import Request.
  Time since last request: 0.000033 seconds.
  path: Assets/CreativeCore_VFX/Scenes/TutorialScene_VFX_Outdoor/Lightmap-1_comp_light.exr
  artifactKey: Guid(7d17126f1d76bcc4e8563ec07a0d681d) Importer(2089858483,0ecaa5967403d082aa24f35e1b516d23)
Start importing Assets/CreativeCore_VFX/Scenes/TutorialScene_VFX_Outdoor/Lightmap-1_comp_light.exr using Guid(7d17126f1d76bcc4e8563ec07a0d681d) Importer(2089858483,0ecaa5967403d082aa24f35e1b516d23) Generated GUIDs only implemented for interfaces!
 -> (artifact id: 'f27d22e719372b73b87d2121fd044495') in 0.027844 seconds 
========================================================================
Received Import Request.
  Time since last request: 0.000025 seconds.
  path: Assets/CreativeCore_VFX/VFX/Samples/_ImportedTextures/Dust/DustTexture.png
  artifactKey: Guid(6388a0244bbaa1443829810fe4dab680) Importer(2089858483,0ecaa5967403d082aa24f35e1b516d23)
Start importing Assets/CreativeCore_VFX/VFX/Samples/_ImportedTextures/Dust/DustTexture.png using Guid(6388a0244bbaa1443829810fe4dab680) Importer(2089858483,0ecaa5967403d082aa24f35e1b516d23) Generated GUIDs only implemented for interfaces!
 -> (artifact id: '1c72c2e00b418d7647ee33a9bc1bdf4a') in 0.029392 seconds 
========================================================================
Received Import Request.
  Time since last request: 0.000037 seconds.
  path: Assets/CreativeCore_VFX/VFX/Samples/Rain/Rain_ParticleSystem_Prefab.prefab
  artifactKey: Guid(3cc5a597a38cf6c46bc374e7192b5cc1) Importer(2089858483,0ecaa5967403d082aa24f35e1b516d23)
Start importing Assets/CreativeCore_VFX/VFX/Samples/Rain/Rain_ParticleSystem_Prefab.prefab using Guid(3cc5a597a38cf6c46bc374e7192b5cc1) Importer(2089858483,0ecaa5967403d082aa24f35e1b516d23) Generated GUIDs only implemented for interfaces!
 -> (artifact id: 'e9d218bb72049e5309fe3f369b75c35c') in 0.110743 seconds 
========================================================================
Received Import Request.
  Time since last request: 0.000061 seconds.
  path: Assets/CreativeCore_VFX/VFX/Samples/Fireflies/Fireflies_VFXGraph.vfx
  artifactKey: Guid(daf8a28e1ad90a64f9bd88022f0bf1e5) Importer(2089858483,0ecaa5967403d082aa24f35e1b516d23)
Start importing Assets/CreativeCore_VFX/VFX/Samples/Fireflies/Fireflies_VFXGraph.vfx using Guid(daf8a28e1ad90a64f9bd88022f0bf1e5) Importer(2089858483,0ecaa5967403d082aa24f35e1b516d23) Generated GUIDs only implemented for interfaces!
 -> (artifact id: '03b2e4dddb1ab084a708232f87d53149') in 0.032718 seconds 
========================================================================
Received Import Request.
  Time since last request: 0.000032 seconds.
  path: Assets/CreativeCore_VFX/VFX/Samples/Dust/Dust_ParticleSystem_Prefab.prefab
  artifactKey: Guid(d12541acfd749e845a6633894d8d12ba) Importer(2089858483,0ecaa5967403d082aa24f35e1b516d23)
Start importing Assets/CreativeCore_VFX/VFX/Samples/Dust/Dust_ParticleSystem_Prefab.prefab using Guid(d12541acfd749e845a6633894d8d12ba) Importer(2089858483,0ecaa5967403d082aa24f35e1b516d23) Generated GUIDs only implemented for interfaces!
 -> (artifact id: '070ebcf1d54c745377853d59a9257988') in 0.061898 seconds 
========================================================================
Received Import Request.
  Time since last request: 0.000027 seconds.
  path: Assets/CreativeCore_VFX/VFX/Samples/Rain/RaindropMaterial.mat
  artifactKey: Guid(74c2b543327d1174082329e8e9efdb63) Importer(2089858483,0ecaa5967403d082aa24f35e1b516d23)
Start importing Assets/CreativeCore_VFX/VFX/Samples/Rain/RaindropMaterial.mat using Guid(74c2b543327d1174082329e8e9efdb63) Importer(2089858483,0ecaa5967403d082aa24f35e1b516d23) Generated GUIDs only implemented for interfaces!
 -> (artifact id: 'd2dd4efa38763612fbc4772915fb9135') in 0.015137 seconds 
========================================================================
Received Import Request.
  Time since last request: 0.000036 seconds.
  path: Assets/CreativeCore_VFX/VFX/Samples/SmokePuff/SmokePuffTexture.png
  artifactKey: Guid(e10d7f08450dd7741a97f724024a3bd7) Importer(2089858483,0ecaa5967403d082aa24f35e1b516d23)
Start importing Assets/CreativeCore_VFX/VFX/Samples/SmokePuff/SmokePuffTexture.png using Guid(e10d7f08450dd7741a97f724024a3bd7) Importer(2089858483,0ecaa5967403d082aa24f35e1b516d23) Generated GUIDs only implemented for interfaces!
 -> (artifact id: 'dc3c2df986202f393d55016c564866de') in 0.018575 seconds 
========================================================================
Received Import Request.
  Time since last request: 0.000028 seconds.
  path: Assets/CreativeCore_VFX/Scenes/TutorialScene_VFX_Outdoor/ReflectionProbe-0.exr
  artifactKey: Guid(5402d8b6a653a27498f87afb42b0aa29) Importer(2089858483,0ecaa5967403d082aa24f35e1b516d23)
Start importing Assets/CreativeCore_VFX/Scenes/TutorialScene_VFX_Outdoor/ReflectionProbe-0.exr using Guid(5402d8b6a653a27498f87afb42b0aa29) Importer(2089858483,0ecaa5967403d082aa24f35e1b516d23) Generated GUIDs only implemented for interfaces!
 -> (artifact id: '73f175b7d177ae5d3858e17f69db5861') in 0.030145 seconds 
========================================================================
Received Import Request.
  Time since last request: 0.000027 seconds.
  path: Assets/CreativeCore_VFX/Settings/Lighting/ProtoLightingSettings.lighting
  artifactKey: Guid(14561db614d54ab45a0c109529cff545) Importer(2089858483,0ecaa5967403d082aa24f35e1b516d23)
Start importing Assets/CreativeCore_VFX/Settings/Lighting/ProtoLightingSettings.lighting using Guid(14561db614d54ab45a0c109529cff545) Importer(2089858483,0ecaa5967403d082aa24f35e1b516d23) LightingSettings: switching bake backend from 1 to 2.
Generated GUIDs only implemented for interfaces!
 -> (artifact id: '7d5b10732ceb232d6f41f2ce284d1193') in 0.035443 seconds 
========================================================================
Received Import Request.
  Time since last request: 0.000028 seconds.
  path: Assets/CreativeCore_VFX/Scenes/FinalScene_VFX_Outdoor/Lightmap-2_comp_light.exr
  artifactKey: Guid(5d4e6ece319138d4b93041b704776453) Importer(2089858483,0ecaa5967403d082aa24f35e1b516d23)
Start importing Assets/CreativeCore_VFX/Scenes/FinalScene_VFX_Outdoor/Lightmap-2_comp_light.exr using Guid(5d4e6ece319138d4b93041b704776453) Importer(2089858483,0ecaa5967403d082aa24f35e1b516d23) Generated GUIDs only implemented for interfaces!
 -> (artifact id: '2cb64e893c7856cc2067654abf96b401') in 0.023339 seconds 
========================================================================
Received Import Request.
  Time since last request: 0.000037 seconds.
  path: Assets/CreativeCore_VFX/VFX/Samples/_ImportedTextures/Fire/FireTexture.png
  artifactKey: Guid(aff46b1eab876834dadd93522b07de04) Importer(2089858483,0ecaa5967403d082aa24f35e1b516d23)
Start importing Assets/CreativeCore_VFX/VFX/Samples/_ImportedTextures/Fire/FireTexture.png using Guid(aff46b1eab876834dadd93522b07de04) Importer(2089858483,0ecaa5967403d082aa24f35e1b516d23) Generated GUIDs only implemented for interfaces!
 -> (artifact id: '1893dd7e80e5353964e906376f26f5d7') in 0.036334 seconds 
========================================================================
Received Import Request.
  Time since last request: 0.000047 seconds.
  path: Assets/CreativeCore_VFX/VFX/Samples/Dust/Dust_VFXGraph.vfx
  artifactKey: Guid(c8c615326ceee4d4c825ad951346e71a) Importer(2089858483,0ecaa5967403d082aa24f35e1b516d23)
Start importing Assets/CreativeCore_VFX/VFX/Samples/Dust/Dust_VFXGraph.vfx using Guid(c8c615326ceee4d4c825ad951346e71a) Importer(2089858483,0ecaa5967403d082aa24f35e1b516d23) Generated GUIDs only implemented for interfaces!
 -> (artifact id: 'c858ebe4206e67e6f328ca4f9acb8813') in 0.031394 seconds 
========================================================================
Received Import Request.
  Time since last request: 0.000055 seconds.
  path: Assets/CreativeCore_VFX/VFX/Samples/Snow/SnowTexture.png
  artifactKey: Guid(6772efc9f05fd5e4c89ffe5b6feaa5e7) Importer(2089858483,0ecaa5967403d082aa24f35e1b516d23)
Start importing Assets/CreativeCore_VFX/VFX/Samples/Snow/SnowTexture.png using Guid(6772efc9f05fd5e4c89ffe5b6feaa5e7) Importer(2089858483,0ecaa5967403d082aa24f35e1b516d23) Generated GUIDs only implemented for interfaces!
 -> (artifact id: 'ceaf7cfcc76ebbcbc810d09f8a5186e8') in 0.022016 seconds 
========================================================================
Received Import Request.
  Time since last request: 0.000034 seconds.
  path: Assets/CreativeCore_VFX/Materials/Glass.mat
  artifactKey: Guid(c3201b42948a8ee41b3714ce081751e4) Importer(2089858483,0ecaa5967403d082aa24f35e1b516d23)
Start importing Assets/CreativeCore_VFX/Materials/Glass.mat using Guid(c3201b42948a8ee41b3714ce081751e4) Importer(2089858483,0ecaa5967403d082aa24f35e1b516d23) Generated GUIDs only implemented for interfaces!
 -> (artifact id: 'b9a5a99be9d5d55d1117b9dced125bdb') in 0.020346 seconds 
========================================================================
Received Import Request.
  Time since last request: 0.000032 seconds.
  path: Assets/CreativeCore_VFX/VFX/Samples/Fireflies/GlowMaterial.mat
  artifactKey: Guid(aa247a0123f2c2c47a2f55d9632b5d18) Importer(2089858483,0ecaa5967403d082aa24f35e1b516d23)
Start importing Assets/CreativeCore_VFX/VFX/Samples/Fireflies/GlowMaterial.mat using Guid(aa247a0123f2c2c47a2f55d9632b5d18) Importer(2089858483,0ecaa5967403d082aa24f35e1b516d23) Generated GUIDs only implemented for interfaces!
 -> (artifact id: '142f63b44c5e48bf45487c147b09abf6') in 0.022216 seconds 
========================================================================
Received Import Request.
  Time since last request: 0.000028 seconds.
  path: Assets/CreativeCore_VFX/Scenes/FinalScene_VFX_Outdoor/Lightmap-0_comp_dir.png
  artifactKey: Guid(e60f2f79ffd84be4f9c5198458ecaa4c) Importer(2089858483,0ecaa5967403d082aa24f35e1b516d23)
Start importing Assets/CreativeCore_VFX/Scenes/FinalScene_VFX_Outdoor/Lightmap-0_comp_dir.png using Guid(e60f2f79ffd84be4f9c5198458ecaa4c) Importer(2089858483,0ecaa5967403d082aa24f35e1b516d23) Generated GUIDs only implemented for interfaces!
 -> (artifact id: 'b87dca72ea39cef54d394f8854b09fb0') in 0.021452 seconds 
========================================================================
Received Import Request.
  Time since last request: 0.000025 seconds.
  path: Assets/CreativeCore_VFX/VFX/Samples/SmokePuff/SmokePuff_ParticleSystem_Prefab.prefab
  artifactKey: Guid(9c8d24fb98d50894fa5d3339b626dfcf) Importer(2089858483,0ecaa5967403d082aa24f35e1b516d23)
Start importing Assets/CreativeCore_VFX/VFX/Samples/SmokePuff/SmokePuff_ParticleSystem_Prefab.prefab using Guid(9c8d24fb98d50894fa5d3339b626dfcf) Importer(2089858483,0ecaa5967403d082aa24f35e1b516d23) Generated GUIDs only implemented for interfaces!
 -> (artifact id: 'b96e924960bb78fbae8e500561e4a582') in 0.068629 seconds 
========================================================================
Received Import Request.
  Time since last request: 0.000042 seconds.
  path: Assets/CreativeCore_VFX/Scenes/FinalScene_VFX_Outdoor/LightingData.asset
  artifactKey: Guid(670f47a74d0d1d042ab6ce4b75019fbc) Importer(2089858483,0ecaa5967403d082aa24f35e1b516d23)
Start importing Assets/CreativeCore_VFX/Scenes/FinalScene_VFX_Outdoor/LightingData.asset using Guid(670f47a74d0d1d042ab6ce4b75019fbc) Importer(2089858483,0ecaa5967403d082aa24f35e1b516d23) Generated GUIDs only implemented for interfaces!
 -> (artifact id: '2cbc3fc31bf53b12e5df3ee070afac4c') in 0.012560 seconds 
========================================================================
Received Import Request.
  Time since last request: 0.000046 seconds.
  path: Assets/CreativeCore_VFX/Materials/GrayShade2.mat
  artifactKey: Guid(07bd58b2cfc959740b30b36221e1216b) Importer(2089858483,0ecaa5967403d082aa24f35e1b516d23)
Start importing Assets/CreativeCore_VFX/Materials/GrayShade2.mat using Guid(07bd58b2cfc959740b30b36221e1216b) Importer(2089858483,0ecaa5967403d082aa24f35e1b516d23) Generated GUIDs only implemented for interfaces!
 -> (artifact id: '9fde2614cfb7f4a514df35462b120f97') in 0.013380 seconds 
========================================================================
Received Import Request.
  Time since last request: 0.000030 seconds.
  path: Assets/CreativeCore_VFX/Settings/Rendering/UniversalRP-MediumQuality.asset
  artifactKey: Guid(d847b876476d3d6468f5dfcd34266f96) Importer(2089858483,0ecaa5967403d082aa24f35e1b516d23)
Start importing Assets/CreativeCore_VFX/Settings/Rendering/UniversalRP-MediumQuality.asset using Guid(d847b876476d3d6468f5dfcd34266f96) Importer(2089858483,0ecaa5967403d082aa24f35e1b516d23) Generated GUIDs only implemented for interfaces!
 -> (artifact id: 'f9be1a0edd22095e107d3a4d2eb31a41') in 0.044960 seconds 
========================================================================
Received Import Request.
  Time since last request: 0.000039 seconds.
  path: Assets/CreativeCore_VFX/Scenes/TutorialScene_VFX_Outdoor/Lightmap-2_comp_dir.png
  artifactKey: Guid(834a7db3e9b4b67429cf25fd812500de) Importer(2089858483,0ecaa5967403d082aa24f35e1b516d23)
Start importing Assets/CreativeCore_VFX/Scenes/TutorialScene_VFX_Outdoor/Lightmap-2_comp_dir.png using Guid(834a7db3e9b4b67429cf25fd812500de) Importer(2089858483,0ecaa5967403d082aa24f35e1b516d23) Generated GUIDs only implemented for interfaces!
 -> (artifact id: '82efcfcfd2d2ba158e4cea9eaf1b9854') in 0.030718 seconds 
========================================================================
Received Import Request.
  Time since last request: 0.000029 seconds.
  path: Assets/CreativeCore_VFX/Prefabs/GalleryInterior.prefab
  artifactKey: Guid(07e0fcc4e15d6db478bd9fda02913ca0) Importer(2089858483,0ecaa5967403d082aa24f35e1b516d23)
Start importing Assets/CreativeCore_VFX/Prefabs/GalleryInterior.prefab using Guid(07e0fcc4e15d6db478bd9fda02913ca0) Importer(2089858483,0ecaa5967403d082aa24f35e1b516d23) Generated GUIDs only implemented for interfaces!
 -> (artifact id: 'bc9cefa8c5131a59ba14bf0e9a7ff369') in 0.018105 seconds 
========================================================================
Received Import Request.
  Time since last request: 0.000034 seconds.
  path: Assets/CreativeCore_VFX/Scripts/SimpleCameraController.cs
  artifactKey: Guid(be76e5f14cfee674cb30b491fb72b09b) Importer(2089858483,0ecaa5967403d082aa24f35e1b516d23)
Start importing Assets/CreativeCore_VFX/Scripts/SimpleCameraController.cs using Guid(be76e5f14cfee674cb30b491fb72b09b) Importer(2089858483,0ecaa5967403d082aa24f35e1b516d23) Generated GUIDs only implemented for interfaces!
 -> (artifact id: 'b2b4e2116bfc7beea0ff69ccaf8de68f') in 0.018095 seconds 
========================================================================
Received Import Request.
  Time since last request: 0.000037 seconds.
  path: Assets/CreativeCore_VFX/Models/StandingLamp.FBX
  artifactKey: Guid(bb69cafc8e88afc4f9d6344cb1825268) Importer(2089858483,0ecaa5967403d082aa24f35e1b516d23)
Start importing Assets/CreativeCore_VFX/Models/StandingLamp.FBX using Guid(bb69cafc8e88afc4f9d6344cb1825268) Importer(2089858483,0ecaa5967403d082aa24f35e1b516d23) Generated GUIDs only implemented for interfaces!
 -> (artifact id: '4ec1bf69c9b5145aef6063aac886ea72') in 0.028224 seconds 
========================================================================
Received Import Request.
  Time since last request: 0.000027 seconds.
  path: Assets/CreativeCore_VFX/VFX/Samples/_ImportedTextures/Rain/RaindropParticle.png
  artifactKey: Guid(a1a2489298a00654899756a1aab51f29) Importer(2089858483,0ecaa5967403d082aa24f35e1b516d23)
Start importing Assets/CreativeCore_VFX/VFX/Samples/_ImportedTextures/Rain/RaindropParticle.png using Guid(a1a2489298a00654899756a1aab51f29) Importer(2089858483,0ecaa5967403d082aa24f35e1b516d23) Generated GUIDs only implemented for interfaces!
 -> (artifact id: '381f5549dc7dc87fc446f2f24a25ba09') in 0.028816 seconds 
========================================================================
Received Import Request.
  Time since last request: 0.000029 seconds.
  path: Assets/CreativeCore_VFX/Scenes/FinalScene_VFX_Outdoor/Lightmap-0_comp_light.exr
  artifactKey: Guid(2ea7f54200a836146aab1650992f1577) Importer(2089858483,0ecaa5967403d082aa24f35e1b516d23)
Start importing Assets/CreativeCore_VFX/Scenes/FinalScene_VFX_Outdoor/Lightmap-0_comp_light.exr using Guid(2ea7f54200a836146aab1650992f1577) Importer(2089858483,0ecaa5967403d082aa24f35e1b516d23) Generated GUIDs only implemented for interfaces!
 -> (artifact id: 'c1c9385e0b95e18e2b4f830ae5dd7872') in 0.021773 seconds 
========================================================================
Received Import Request.
  Time since last request: 0.000046 seconds.
  path: Assets/CreativeCore_VFX/Materials/Red.mat
  artifactKey: Guid(8a33237ef07ea744e8b9d82aec2c52b6) Importer(2089858483,0ecaa5967403d082aa24f35e1b516d23)
Start importing Assets/CreativeCore_VFX/Materials/Red.mat using Guid(8a33237ef07ea744e8b9d82aec2c52b6) Importer(2089858483,0ecaa5967403d082aa24f35e1b516d23) Generated GUIDs only implemented for interfaces!
 -> (artifact id: '20bb4547ad72d3d7de4f28124bf55a67') in 0.012190 seconds 
========================================================================
Received Import Request.
  Time since last request: 0.000033 seconds.
  path: Assets/CreativeCore_VFX/Scenes/FinalScene_VFX_Outdoor.unity
  artifactKey: Guid(5bb6505ee229cc14dbcc50292ec73ee5) Importer(2089858483,0ecaa5967403d082aa24f35e1b516d23)
Start importing Assets/CreativeCore_VFX/Scenes/FinalScene_VFX_Outdoor.unity using Guid(5bb6505ee229cc14dbcc50292ec73ee5) Importer(2089858483,0ecaa5967403d082aa24f35e1b516d23) Generated GUIDs only implemented for interfaces!
 -> (artifact id: 'f1d0bbd54d19d23ed7f28fa9749e991d') in 0.011616 seconds 
========================================================================
Received Import Request.
  Time since last request: 0.000032 seconds.
  path: Assets/CreativeCore_VFX/Materials/DarkGray.mat
  artifactKey: Guid(23a7e16797dfaad4ba9a20a5f284f02b) Importer(2089858483,0ecaa5967403d082aa24f35e1b516d23)
Start importing Assets/CreativeCore_VFX/Materials/DarkGray.mat using Guid(23a7e16797dfaad4ba9a20a5f284f02b) Importer(2089858483,0ecaa5967403d082aa24f35e1b516d23) Generated GUIDs only implemented for interfaces!
 -> (artifact id: 'fd9aada546194fe7c74f445be42bf7c5') in 0.013001 seconds 
========================================================================
Received Import Request.
  Time since last request: 0.000026 seconds.
  path: Assets/CreativeCore_VFX/Scenes/TutorialScene_VFX_Outdoor/Lightmap-1_comp_dir.png
  artifactKey: Guid(1960c9f9963cb80429eec60385e44eb3) Importer(2089858483,0ecaa5967403d082aa24f35e1b516d23)
Start importing Assets/CreativeCore_VFX/Scenes/TutorialScene_VFX_Outdoor/Lightmap-1_comp_dir.png using Guid(1960c9f9963cb80429eec60385e44eb3) Importer(2089858483,0ecaa5967403d082aa24f35e1b516d23) Generated GUIDs only implemented for interfaces!
 -> (artifact id: '0b5be4e7148915bf1fe6efaf8932e08f') in 0.031519 seconds 
========================================================================
Received Import Request.
  Time since last request: 0.000033 seconds.
  path: Assets/CreativeCore_VFX/VFX/Samples/Dust/Dust_VFXGraph_Prefab.prefab
  artifactKey: Guid(53580145f8a0afb438a55b875a237fcb) Importer(2089858483,0ecaa5967403d082aa24f35e1b516d23)
Start importing Assets/CreativeCore_VFX/VFX/Samples/Dust/Dust_VFXGraph_Prefab.prefab using Guid(53580145f8a0afb438a55b875a237fcb) Importer(2089858483,0ecaa5967403d082aa24f35e1b516d23) Generated GUIDs only implemented for interfaces!
 -> (artifact id: '94e4a8c6cc5b31f57b1e3e7eed1fb14f') in 0.021413 seconds 
========================================================================
Received Import Request.
  Time since last request: 0.000026 seconds.
  path: Assets/CreativeCore_VFX/VFX/Samples/_ImportedTextures/SmokePuff/SmokePuffTexture.png
  artifactKey: Guid(cbc10537e6d4f8b4b99b5bfd7783e66c) Importer(2089858483,0ecaa5967403d082aa24f35e1b516d23)
Start importing Assets/CreativeCore_VFX/VFX/Samples/_ImportedTextures/SmokePuff/SmokePuffTexture.png using Guid(cbc10537e6d4f8b4b99b5bfd7783e66c) Importer(2089858483,0ecaa5967403d082aa24f35e1b516d23) Generated GUIDs only implemented for interfaces!
 -> (artifact id: 'f631921bc071ed252bee209d54795cab') in 0.027014 seconds 
========================================================================
Received Import Request.
  Time since last request: 0.000030 seconds.
  path: Assets/CreativeCore_VFX/Scenes/TutorialScene_VFX_Outdoor/Lightmap-0_comp_dir.png
  artifactKey: Guid(9a8ef562bc93c864881184763a3fcb03) Importer(2089858483,0ecaa5967403d082aa24f35e1b516d23)
Start importing Assets/CreativeCore_VFX/Scenes/TutorialScene_VFX_Outdoor/Lightmap-0_comp_dir.png using Guid(9a8ef562bc93c864881184763a3fcb03) Importer(2089858483,0ecaa5967403d082aa24f35e1b516d23) Generated GUIDs only implemented for interfaces!
 -> (artifact id: 'cf03ec23d885a257dfbc659ffa66fdb1') in 0.033907 seconds 
========================================================================
Received Import Request.
  Time since last request: 0.000026 seconds.
  path: Assets/CreativeCore_VFX/Prefabs/LongLight.prefab
  artifactKey: Guid(cd7786b2ff55c5d48906f40024bc1558) Importer(2089858483,0ecaa5967403d082aa24f35e1b516d23)
Start importing Assets/CreativeCore_VFX/Prefabs/LongLight.prefab using Guid(cd7786b2ff55c5d48906f40024bc1558) Importer(2089858483,0ecaa5967403d082aa24f35e1b516d23) Generated GUIDs only implemented for interfaces!
 -> (artifact id: 'eed9a4e6a6edbd9da8a69f4898e8afe0') in 0.011458 seconds 
========================================================================
Received Import Request.
  Time since last request: 0.000042 seconds.
  path: Assets/CreativeCore_VFX/VFX/Samples/Rain/Rain_VFXGraph.vfx
  artifactKey: Guid(6f3b3be858b15e84f8fb54c9480e6b76) Importer(2089858483,0ecaa5967403d082aa24f35e1b516d23)
Start importing Assets/CreativeCore_VFX/VFX/Samples/Rain/Rain_VFXGraph.vfx using Guid(6f3b3be858b15e84f8fb54c9480e6b76) Importer(2089858483,0ecaa5967403d082aa24f35e1b516d23) Generated GUIDs only implemented for interfaces!
 -> (artifact id: '96997567a9b8c71de2948a57158fe546') in 0.027352 seconds 
========================================================================
Received Import Request.
  Time since last request: 0.000049 seconds.
  path: Assets/CreativeCore_VFX/Materials/Chrome.mat
  artifactKey: Guid(c93cd8bc4a4f4934295539c10bd4c3fa) Importer(2089858483,0ecaa5967403d082aa24f35e1b516d23)
Start importing Assets/CreativeCore_VFX/Materials/Chrome.mat using Guid(c93cd8bc4a4f4934295539c10bd4c3fa) Importer(2089858483,0ecaa5967403d082aa24f35e1b516d23) Generated GUIDs only implemented for interfaces!
 -> (artifact id: '9212d63e03e5f35972b6f87d98a9f427') in 0.014644 seconds 
========================================================================
Received Import Request.
  Time since last request: 0.000025 seconds.
  path: Assets/CreativeCore_VFX/Materials/BlueEmission.mat
  artifactKey: Guid(8223ded296225ac44a9ab27af397f15b) Importer(2089858483,0ecaa5967403d082aa24f35e1b516d23)
Start importing Assets/CreativeCore_VFX/Materials/BlueEmission.mat using Guid(8223ded296225ac44a9ab27af397f15b) Importer(2089858483,0ecaa5967403d082aa24f35e1b516d23) Generated GUIDs only implemented for interfaces!
 -> (artifact id: '5965b35a4d533343f8ece894460139d1') in 0.012436 seconds 
========================================================================
Received Import Request.
  Time since last request: 0.000045 seconds.
  path: Assets/CreativeCore_VFX/Scenes/FinalScene_VFX_Outdoor/ReflectionProbe-0.exr
  artifactKey: Guid(866147a91b22ed24eb9f17a19ef8b13c) Importer(2089858483,0ecaa5967403d082aa24f35e1b516d23)
Start importing Assets/CreativeCore_VFX/Scenes/FinalScene_VFX_Outdoor/ReflectionProbe-0.exr using Guid(866147a91b22ed24eb9f17a19ef8b13c) Importer(2089858483,0ecaa5967403d082aa24f35e1b516d23) Generated GUIDs only implemented for interfaces!
 -> (artifact id: '76f9d9d68e23e3484d2ee2e2827cdde4') in 0.019958 seconds 
========================================================================
Received Import Request.
  Time since last request: 0.000031 seconds.
  path: Assets/CreativeCore_VFX/Models/BulbLamp.FBX
  artifactKey: Guid(b09ce3a12cceb854b87f5dd4e8222ee5) Importer(2089858483,0ecaa5967403d082aa24f35e1b516d23)
Start importing Assets/CreativeCore_VFX/Models/BulbLamp.FBX using Guid(b09ce3a12cceb854b87f5dd4e8222ee5) Importer(2089858483,0ecaa5967403d082aa24f35e1b516d23) Generated GUIDs only implemented for interfaces!
 -> (artifact id: '9f6a11e16d69e33b40cb2ca792c07698') in 0.021244 seconds 
========================================================================
Received Import Request.
  Time since last request: 0.932517 seconds.
  path: Assets/CreativeCore_VFX/VFX/Samples/Rain/RaindropTexture.png
  artifactKey: Guid(f2b09b17172da3848b36e593ec6ffbf4) Importer(815301076,1909f56bfc062723c751e8b465ee728b)
Start importing Assets/CreativeCore_VFX/VFX/Samples/Rain/RaindropTexture.png using Guid(f2b09b17172da3848b36e593ec6ffbf4) Importer(815301076,1909f56bfc062723c751e8b465ee728b)  -> (artifact id: '2cae49270eecda1e0c1f012b8a2ca528') in 0.019432 seconds 
========================================================================
Received Import Request.
  Time since last request: 0.000036 seconds.
  path: Assets/CreativeCore_VFX/VFX/Samples/Rain/Rain_VFXGraph_Prefab.prefab
  artifactKey: Guid(445582fe6d8e62c489e27d1dc38217e2) Importer(815301076,1909f56bfc062723c751e8b465ee728b)
Start importing Assets/CreativeCore_VFX/VFX/Samples/Rain/Rain_VFXGraph_Prefab.prefab using Guid(445582fe6d8e62c489e27d1dc38217e2) Importer(815301076,1909f56bfc062723c751e8b465ee728b)  -> (artifact id: '39604c56260f5c60f016a056573cf5fc') in 0.021061 seconds 
========================================================================
Received Import Request.
  Time since last request: 0.000043 seconds.
  path: Assets/CreativeCore_VFX/Materials/GrayShade2.mat
  artifactKey: Guid(07bd58b2cfc959740b30b36221e1216b) Importer(815301076,1909f56bfc062723c751e8b465ee728b)
Start importing Assets/CreativeCore_VFX/Materials/GrayShade2.mat using Guid(07bd58b2cfc959740b30b36221e1216b) Importer(815301076,1909f56bfc062723c751e8b465ee728b)  -> (artifact id: '10dc6bb1e2e2990dde231f373070c601') in 0.020832 seconds 
========================================================================
Received Import Request.
  Time since last request: 0.000041 seconds.
  path: Assets/CreativeCore_VFX/Materials/GrayShade1.mat
  artifactKey: Guid(c1368253e3e7e2044b3f6b8bbdae2288) Importer(815301076,1909f56bfc062723c751e8b465ee728b)
Start importing Assets/CreativeCore_VFX/Materials/GrayShade1.mat using Guid(c1368253e3e7e2044b3f6b8bbdae2288) Importer(815301076,1909f56bfc062723c751e8b465ee728b)  -> (artifact id: '73c8cad19543799d400c9c0ce5bffe38') in 0.023131 seconds 
========================================================================
Received Import Request.
  Time since last request: 0.000030 seconds.
  path: Assets/CreativeCore_VFX/VFX/Samples/Fireflies/Fireflies_VFXGraph.vfx
  artifactKey: Guid(daf8a28e1ad90a64f9bd88022f0bf1e5) Importer(815301076,1909f56bfc062723c751e8b465ee728b)
Start importing Assets/CreativeCore_VFX/VFX/Samples/Fireflies/Fireflies_VFXGraph.vfx using Guid(daf8a28e1ad90a64f9bd88022f0bf1e5) Importer(815301076,1909f56bfc062723c751e8b465ee728b)  -> (artifact id: '6315da20da9f1f7d71285bb479b7375c') in 0.123168 seconds 
========================================================================
Received Import Request.
  Time since last request: 0.000039 seconds.
  path: Assets/CreativeCore_VFX/Materials/GrayDoublesided.mat
  artifactKey: Guid(be773e70b0ab6834089437eed3fe4db6) Importer(815301076,1909f56bfc062723c751e8b465ee728b)
Start importing Assets/CreativeCore_VFX/Materials/GrayDoublesided.mat using Guid(be773e70b0ab6834089437eed3fe4db6) Importer(815301076,1909f56bfc062723c751e8b465ee728b)  -> (artifact id: '3e3fd9f3c1dd19829e4d4436a103db7d') in 0.017108 seconds 
========================================================================
Received Import Request.
  Time since last request: 0.000025 seconds.
  path: Assets/CreativeCore_VFX/VFX/Samples/_ImportedTextures/Rain/RaindropParticle.png
  artifactKey: Guid(a1a2489298a00654899756a1aab51f29) Importer(815301076,1909f56bfc062723c751e8b465ee728b)
Start importing Assets/CreativeCore_VFX/VFX/Samples/_ImportedTextures/Rain/RaindropParticle.png using Guid(a1a2489298a00654899756a1aab51f29) Importer(815301076,1909f56bfc062723c751e8b465ee728b)  -> (artifact id: '63e9582af812697d65938177539c2cf5') in 0.017139 seconds 
========================================================================
Received Import Request.
  Time since last request: 0.000035 seconds.
  path: Assets/CreativeCore_VFX/VFX/Samples/Dust/Dust_VFXGraph_Prefab.prefab
  artifactKey: Guid(53580145f8a0afb438a55b875a237fcb) Importer(815301076,1909f56bfc062723c751e8b465ee728b)
Start importing Assets/CreativeCore_VFX/VFX/Samples/Dust/Dust_VFXGraph_Prefab.prefab using Guid(53580145f8a0afb438a55b875a237fcb) Importer(815301076,1909f56bfc062723c751e8b465ee728b)  -> (artifact id: '9d81ab594e2e7eb416e86434d9bfc7b6') in 0.017686 seconds 
Editor requested this worker to shutdown with reason: Scaling down because of idle timeout
AssetImportWorker is now disconnected from the server
Process exiting
Exiting without the bug reporter. Application will terminate with return code 0